<?xml version="1.0" encoding="UTF-8"?>
<!-- Generated by org.testng.reporters.JUnitXMLReporter -->
<testsuite hostname="LAPTOP-M6F29H3O" ignored="0" name="validationErrors" tests="2" failures="0" timestamp="28 Apr 2021 05:08:34 GMT" time="20.556" errors="0">
  <testcase name="validateErrorsContactpage" time="4.168" classname="ContactpageTests.TC001_ValidateContactpage"/>
  <testcase name="validateContactpage" time="6.64" classname="ContactpageTests.TC001_ValidateContactpage"/>
</testsuite> <!-- validationErrors -->
