<?xml version="1.0" encoding="UTF-8"?>
<testng-results skipped="0" failed="0" ignored="0" total="1" passed="1">
  <reporter-output>
  </reporter-output>
  <suite name="Default suite" duration-ms="18736" started-at="2021-04-28T16:17:11 AEST" finished-at="2021-04-28T16:17:29 AEST">
    <groups>
    </groups>
    <test name="Default test" duration-ms="18736" started-at="2021-04-28T16:17:11 AEST" finished-at="2021-04-28T16:17:29 AEST">
      <class name="ShopTests.TC001_validateCart">
        <test-method status="PASS" signature="BrowserLaunch()[pri:0, instance:ShopTests.TC001_validateCart@4d41cee]" name="BrowserLaunch" is-config="true" duration-ms="8045" started-at="2021-04-28T16:17:11 AEST" finished-at="2021-04-28T16:17:19 AEST">
          <reporter-output>
          </reporter-output>
        </test-method> <!-- BrowserLaunch -->
        <test-method status="PASS" signature="validateCart()[pri:0, instance:ShopTests.TC001_validateCart@4d41cee]" name="validateCart" duration-ms="10348" started-at="2021-04-28T16:17:19 AEST" finished-at="2021-04-28T16:17:29 AEST">
          <reporter-output>
          </reporter-output>
        </test-method> <!-- validateCart -->
        <test-method status="PASS" signature="tearDown()[pri:0, instance:ShopTests.TC001_validateCart@4d41cee]" name="tearDown" is-config="true" duration-ms="267" started-at="2021-04-28T16:17:29 AEST" finished-at="2021-04-28T16:17:29 AEST">
          <reporter-output>
          </reporter-output>
        </test-method> <!-- tearDown -->
      </class> <!-- ShopTests.TC001_validateCart -->
    </test> <!-- Default test -->
  </suite> <!-- Default suite -->
</testng-results>
